<?xml version="1.0" encoding="UTF-8"?>
<testsuite xmlns:xsi="http://www.w3.org/2001/XMLSchema-instance" xsi:noNamespaceSchemaLocation="https://maven.apache.org/surefire/maven-surefire-plugin/xsd/surefire-test-report.xsd" name="ru.adonev.statcollector.StatcollectorApplicationTests" time="17.416" tests="3" errors="3" skipped="0" failures="0">
  <properties>
[...]
</properties>
  <testcase name="givenResourcesExist_whenFirstPageIsRetrieved_thenPageContainsResources" classname="ru.adonev.statcollector.StatcollectorApplicationTests" time="4.988">
    <error message="Connection refused: connect" type="java.net.ConnectException">java.net.ConnectException: Connection refused: connect
	at ru.adonev.statcollector.StatcollectorApplicationTests.givenResourcesExist_whenFirstPageIsRetrieved_thenPageContainsResources(StatcollectorApplicationTests.java:34)
</error>
    <system-out><![CDATA[00:57:28.536 [main] DEBUG org.springframework.test.context.BootstrapUtils - Instantiating CacheAwareContextLoaderDelegate from class [org.springframework.test.context.cache.DefaultCacheAwareContextLoaderDelegate]
00:57:28.544 [main] DEBUG org.springframework.test.context.BootstrapUtils - Instantiating BootstrapContext using constructor [public org.springframework.test.context.support.DefaultBootstrapContext(java.lang.Class,org.springframework.test.context.CacheAwareContextLoaderDelegate)]
00:57:28.571 [main] DEBUG org.springframework.test.context.BootstrapUtils - Instantiating TestContextBootstrapper for test class [ru.adonev.statcollector.StatcollectorApplicationTests] from class [org.springframework.boot.test.context.SpringBootTestContextBootstrapper]
00:57:28.579 [main] INFO org.springframework.boot.test.context.SpringBootTestContextBootstrapper - Neither @ContextConfiguration nor @ContextHierarchy found for test class [ru.adonev.statcollector.StatcollectorApplicationTests], using SpringBootContextLoader
00:57:28.582 [main] DEBUG org.springframework.test.context.support.AbstractContextLoader - Did not detect default resource location for test class [ru.adonev.statcollector.StatcollectorApplicationTests]: class path resource [ru/adonev/statcollector/StatcollectorApplicationTests-context.xml] does not exist
00:57:28.583 [main] DEBUG org.springframework.test.context.support.AbstractContextLoader - Did not detect default resource location for test class [ru.adonev.statcollector.StatcollectorApplicationTests]: class path resource [ru/adonev/statcollector/StatcollectorApplicationTestsContext.groovy] does not exist
00:57:28.583 [main] INFO org.springframework.test.context.support.AbstractContextLoader - Could not detect default resource locations for test class [ru.adonev.statcollector.StatcollectorApplicationTests]: no resource found for suffixes {-context.xml, Context.groovy}.
00:57:28.583 [main] INFO org.springframework.test.context.support.AnnotationConfigContextLoaderUtils - Could not detect default configuration classes for test class [ru.adonev.statcollector.StatcollectorApplicationTests]: StatcollectorApplicationTests does not declare any static, non-private, non-final, nested classes annotated with @Configuration.
00:57:28.617 [main] DEBUG org.springframework.test.context.support.ActiveProfilesUtils - Could not find an 'annotation declaring class' for annotation type [org.springframework.test.context.ActiveProfiles] and class [ru.adonev.statcollector.StatcollectorApplicationTests]
00:57:28.675 [main] DEBUG org.springframework.context.annotation.ClassPathScanningCandidateComponentProvider - Identified candidate component class: file [D:\statcollector\target\classes\ru\adonev\statcollector\StatcollectorApplication.class]
00:57:28.676 [main] INFO org.springframework.boot.test.context.SpringBootTestContextBootstrapper - Found @SpringBootConfiguration ru.adonev.statcollector.StatcollectorApplication for test class ru.adonev.statcollector.StatcollectorApplicationTests
00:57:28.768 [main] DEBUG org.springframework.boot.test.context.SpringBootTestContextBootstrapper - @TestExecutionListeners is not present for class [ru.adonev.statcollector.StatcollectorApplicationTests]: using defaults.
00:57:28.768 [main] INFO org.springframework.boot.test.context.SpringBootTestContextBootstrapper - Loaded default TestExecutionListener class names from location [META-INF/spring.factories]: [org.springframework.boot.test.mock.mockito.MockitoTestExecutionListener, org.springframework.boot.test.mock.mockito.ResetMocksTestExecutionListener, org.springframework.boot.test.autoconfigure.restdocs.RestDocsTestExecutionListener, org.springframework.boot.test.autoconfigure.web.client.MockRestServiceServerResetTestExecutionListener, org.springframework.boot.test.autoconfigure.web.servlet.MockMvcPrintOnlyOnFailureTestExecutionListener, org.springframework.boot.test.autoconfigure.web.servlet.WebDriverTestExecutionListener, org.springframework.boot.test.autoconfigure.webservices.client.MockWebServiceServerTestExecutionListener, org.springframework.test.context.web.ServletTestExecutionListener, org.springframework.test.context.support.DirtiesContextBeforeModesTestExecutionListener, org.springframework.test.context.event.ApplicationEventsTestExecutionListener, org.springframework.test.context.support.DependencyInjectionTestExecutionListener, org.springframework.test.context.support.DirtiesContextTestExecutionListener, org.springframework.test.context.transaction.TransactionalTestExecutionListener, org.springframework.test.context.jdbc.SqlScriptsTestExecutionListener, org.springframework.test.context.event.EventPublishingTestExecutionListener]
00:57:28.784 [main] INFO org.springframework.boot.test.context.SpringBootTestContextBootstrapper - Using TestExecutionListeners: [org.springframework.test.context.web.ServletTestExecutionListener@30d4b288, org.springframework.test.context.support.DirtiesContextBeforeModesTestExecutionListener@4cc6fa2a, org.springframework.test.context.event.ApplicationEventsTestExecutionListener@40f1be1b, org.springframework.boot.test.mock.mockito.MockitoTestExecutionListener@7a791b66, org.springframework.boot.test.autoconfigure.SpringBootDependencyInjectionTestExecutionListener@6f2cb653, org.springframework.test.context.support.DirtiesContextTestExecutionListener@14c01636, org.springframework.test.context.transaction.TransactionalTestExecutionListener@590c73d3, org.springframework.test.context.jdbc.SqlScriptsTestExecutionListener@6b9ce1bf, org.springframework.test.context.event.EventPublishingTestExecutionListener@61884cb1, org.springframework.boot.test.mock.mockito.ResetMocksTestExecutionListener@75ed9710, org.springframework.boot.test.autoconfigure.restdocs.RestDocsTestExecutionListener@4fc5e095, org.springframework.boot.test.autoconfigure.web.client.MockRestServiceServerResetTestExecutionListener@435871cb, org.springframework.boot.test.autoconfigure.web.servlet.MockMvcPrintOnlyOnFailureTestExecutionListener@609640d5, org.springframework.boot.test.autoconfigure.web.servlet.WebDriverTestExecutionListener@79da1ec0, org.springframework.boot.test.autoconfigure.webservices.client.MockWebServiceServerTestExecutionListener@19fb8826]
00:57:28.787 [main] DEBUG org.springframework.test.context.support.AbstractDirtiesContextTestExecutionListener - Before test class: context [DefaultTestContext@13c3c1e1 testClass = StatcollectorApplicationTests, testInstance = [null], testMethod = [null], testException = [null], mergedContextConfiguration = [WebMergedContextConfiguration@1d8062d2 testClass = StatcollectorApplicationTests, locations = '{}', classes = '{class ru.adonev.statcollector.StatcollectorApplication}', contextInitializerClasses = '[]', activeProfiles = '{}', propertySourceLocations = '{}', propertySourceProperties = '{org.springframework.boot.test.context.SpringBootTestContextBootstrapper=true}', contextCustomizers = set[org.springframework.boot.test.context.filter.ExcludeFilterContextCustomizer@a37aefe, org.springframework.boot.test.json.DuplicateJsonObjectContextCustomizerFactory$DuplicateJsonObjectContextCustomizer@37fb0bed, org.springframework.boot.test.mock.mockito.MockitoContextCustomizer@0, org.springframework.boot.test.web.client.TestRestTemplateContextCustomizer@42a15bdc, org.springframework.boot.test.autoconfigure.actuate.metrics.MetricsExportContextCustomizerFactory$DisableMetricExportContextCustomizer@404bbcbd, org.springframework.boot.test.autoconfigure.properties.PropertyMappingContextCustomizer@0, org.springframework.boot.test.autoconfigure.web.servlet.WebDriverContextCustomizerFactory$Customizer@5b3f61ff, org.springframework.boot.test.context.SpringBootTestArgs@1, org.springframework.boot.test.context.SpringBootTestWebEnvironment@7fa98a66], resourceBasePath = 'src/main/webapp', contextLoader = 'org.springframework.boot.test.context.SpringBootContextLoader', parent = [null]], attributes = map['org.springframework.test.context.web.ServletTestExecutionListener.activateListener' -> true]], class annotated with @DirtiesContext [false] with mode [null].

  .   ____          _            __ _ _
 /\\ / ___'_ __ _ _(_)_ __  __ _ \ \ \ \
( ( )\___ | '_ | '_| | '_ \/ _` | \ \ \ \
 \\/  ___)| |_)| | | | | || (_| |  ) ) ) )
  '  |____| .__|_| |_|_| |_\__, | / / / /
 =========|_|==============|___/=/_/_/_/
 :: Spring Boot ::                (v2.7.9)

2023-03-13 00:57:29.068  INFO 7328 --- [           main] r.a.s.StatcollectorApplicationTests      : Starting StatcollectorApplicationTests using Java 11 on DESKTOP-7LVOQH6 with PID 7328 (started by egodo in D:\statcollector)
2023-03-13 00:57:29.069  INFO 7328 --- [           main] r.a.s.StatcollectorApplicationTests      : No active profile set, falling back to 1 default profile: "default"
2023-03-13 00:57:29.867  INFO 7328 --- [           main] .s.d.r.c.RepositoryConfigurationDelegate : Bootstrapping Spring Data JPA repositories in DEFAULT mode.
2023-03-13 00:57:29.908  INFO 7328 --- [           main] .s.d.r.c.RepositoryConfigurationDelegate : Finished Spring Data repository scanning in 34 ms. Found 1 JPA repository interfaces.
2023-03-13 00:57:30.338  INFO 7328 --- [           main] o.hibernate.jpa.internal.util.LogHelper  : HHH000204: Processing PersistenceUnitInfo [name: default]
2023-03-13 00:57:30.382  INFO 7328 --- [           main] org.hibernate.Version                    : HHH000412: Hibernate ORM core version 5.6.15.Final
2023-03-13 00:57:30.527  INFO 7328 --- [           main] o.hibernate.annotations.common.Version   : HCANN000001: Hibernate Commons Annotations {5.1.2.Final}
2023-03-13 00:57:30.888  INFO 7328 --- [           main] com.zaxxer.hikari.HikariDataSource       : HikariPool-1 - Starting...
2023-03-13 00:57:30.994  INFO 7328 --- [           main] com.zaxxer.hikari.HikariDataSource       : HikariPool-1 - Start completed.
2023-03-13 00:57:31.011  INFO 7328 --- [           main] org.hibernate.dialect.Dialect            : HHH000400: Using dialect: org.hibernate.dialect.PostgreSQLDialect
2023-03-13 00:57:31.590  WARN 7328 --- [           main] o.h.engine.jdbc.spi.SqlExceptionHelper   : SQL Warning Code: 0, SQLState: 00000
2023-03-13 00:57:31.590  WARN 7328 --- [           main] o.h.engine.jdbc.spi.SqlExceptionHelper   : ??????? "event" ?? ??????????, ????????????
2023-03-13 00:57:31.591  WARN 7328 --- [           main] o.h.engine.jdbc.spi.SqlExceptionHelper   : SQL Warning Code: 0, SQLState: 00000
2023-03-13 00:57:31.591  WARN 7328 --- [           main] o.h.engine.jdbc.spi.SqlExceptionHelper   : ?????????????????? "event_seq" ?? ??????????, ????????????
2023-03-13 00:57:31.605  INFO 7328 --- [           main] o.h.e.t.j.p.i.JtaPlatformInitiator       : HHH000490: Using JtaPlatform implementation: [org.hibernate.engine.transaction.jta.platform.internal.NoJtaPlatform]
2023-03-13 00:57:31.614  INFO 7328 --- [           main] j.LocalContainerEntityManagerFactoryBean : Initialized JPA EntityManagerFactory for persistence unit 'default'
2023-03-13 00:57:32.135  WARN 7328 --- [           main] JpaBaseConfiguration$JpaWebConfiguration : spring.jpa.open-in-view is enabled by default. Therefore, database queries may be performed during view rendering. Explicitly configure spring.jpa.open-in-view to disable this warning
2023-03-13 00:57:32.613  INFO 7328 --- [           main] r.a.s.StatcollectorApplicationTests      : Started StatcollectorApplicationTests in 3.797 seconds (JVM running for 4.633)
]]></system-out>
  </testcase>
  <testcase name="whenPageOfResourcesAreRetrievedOutOfBounds_then400IsReceived" classname="ru.adonev.statcollector.StatcollectorApplicationTests" time="4.104">
    <error message="Connection refused: connect" type="java.net.ConnectException">java.net.ConnectException: Connection refused: connect
	at ru.adonev.statcollector.StatcollectorApplicationTests.whenPageOfResourcesAreRetrievedOutOfBounds_then400IsReceived(StatcollectorApplicationTests.java:29)
</error>
  </testcase>
  <testcase name="whenResourcesAreRetrievedPaged_then200IsReceived" classname="ru.adonev.statcollector.StatcollectorApplicationTests" time="4.108">
    <error message="Connection refused: connect" type="java.net.ConnectException">java.net.ConnectException: Connection refused: connect
	at ru.adonev.statcollector.StatcollectorApplicationTests.whenResourcesAreRetrievedPaged_then200IsReceived(StatcollectorApplicationTests.java:22)
</error>
  </testcase>
</testsuite>